<?xml version="1.0" encoding="UTF-8"?>
<testsuite xmlns:xsi="http://www.w3.org/2001/XMLSchema-instance" xsi:noNamespaceSchemaLocation="https://maven.apache.org/surefire/maven-surefire-plugin/xsd/surefire-test-report.xsd" name="com.danit.socialnetwork.MethodTests" time="1.137" tests="3" errors="0" skipped="0" failures="0">
  <properties>
    <property name="java.specification.version" value="17"/>
    <property name="sun.jnu.encoding" value="UTF-8"/>
    <property name="java.class.path" value="/Users/Asya/Desktop/SocialNetwork_step/FP4SocialNetwork/social_network_api/target/test-classes:/Users/Asya/Desktop/SocialNetwork_step/FP4SocialNetwork/social_network_api/target/classes:/Users/Asya/.m2/repository/org/springframework/boot/spring-boot-starter-web/2.7.9/spring-boot-starter-web-2.7.9.jar:/Users/Asya/.m2/repository/org/springframework/boot/spring-boot-starter/2.7.9/spring-boot-starter-2.7.9.jar:/Users/Asya/.m2/repository/org/springframework/boot/spring-boot-starter-logging/2.7.9/spring-boot-starter-logging-2.7.9.jar:/Users/Asya/.m2/repository/ch/qos/logback/logback-classic/1.2.11/logback-classic-1.2.11.jar:/Users/Asya/.m2/repository/ch/qos/logback/logback-core/1.2.11/logback-core-1.2.11.jar:/Users/Asya/.m2/repository/org/apache/logging/log4j/log4j-to-slf4j/2.17.2/log4j-to-slf4j-2.17.2.jar:/Users/Asya/.m2/repository/org/apache/logging/log4j/log4j-api/2.17.2/log4j-api-2.17.2.jar:/Users/Asya/.m2/repository/org/slf4j/jul-to-slf4j/1.7.36/jul-to-slf4j-1.7.36.jar:/Users/Asya/.m2/repository/jakarta/annotation/jakarta.annotation-api/1.3.5/jakarta.annotation-api-1.3.5.jar:/Users/Asya/.m2/repository/org/yaml/snakeyaml/1.30/snakeyaml-1.30.jar:/Users/Asya/.m2/repository/org/springframework/boot/spring-boot-starter-json/2.7.9/spring-boot-starter-json-2.7.9.jar:/Users/Asya/.m2/repository/com/fasterxml/jackson/datatype/jackson-datatype-jdk8/2.13.5/jackson-datatype-jdk8-2.13.5.jar:/Users/Asya/.m2/repository/com/fasterxml/jackson/datatype/jackson-datatype-jsr310/2.13.5/jackson-datatype-jsr310-2.13.5.jar:/Users/Asya/.m2/repository/com/fasterxml/jackson/module/jackson-module-parameter-names/2.13.5/jackson-module-parameter-names-2.13.5.jar:/Users/Asya/.m2/repository/org/springframework/boot/spring-boot-starter-tomcat/2.7.9/spring-boot-starter-tomcat-2.7.9.jar:/Users/Asya/.m2/repository/org/apache/tomcat/embed/tomcat-embed-core/9.0.71/tomcat-embed-core-9.0.71.jar:/Users/Asya/.m2/repository/org/apache/tomcat/embed/tomcat-embed-websocket/9.0.71/tomcat-embed-websocket-9.0.71.jar:/Users/Asya/.m2/repository/org/springframework/spring-web/5.3.25/spring-web-5.3.25.jar:/Users/Asya/.m2/repository/org/springframework/spring-webmvc/5.3.25/spring-webmvc-5.3.25.jar:/Users/Asya/.m2/repository/org/springframework/boot/spring-boot-starter-thymeleaf/2.7.9/spring-boot-starter-thymeleaf-2.7.9.jar:/Users/Asya/.m2/repository/org/thymeleaf/thymeleaf-spring5/3.0.15.RELEASE/thymeleaf-spring5-3.0.15.RELEASE.jar:/Users/Asya/.m2/repository/org/thymeleaf/thymeleaf/3.0.15.RELEASE/thymeleaf-3.0.15.RELEASE.jar:/Users/Asya/.m2/repository/org/attoparser/attoparser/2.0.5.RELEASE/attoparser-2.0.5.RELEASE.jar:/Users/Asya/.m2/repository/org/unbescape/unbescape/1.1.6.RELEASE/unbescape-1.1.6.RELEASE.jar:/Users/Asya/.m2/repository/org/slf4j/slf4j-api/1.7.36/slf4j-api-1.7.36.jar:/Users/Asya/.m2/repository/org/thymeleaf/extras/thymeleaf-extras-java8time/3.0.4.RELEASE/thymeleaf-extras-java8time-3.0.4.RELEASE.jar:/Users/Asya/.m2/repository/org/projectlombok/lombok/1.18.26/lombok-1.18.26.jar:/Users/Asya/.m2/repository/org/springframework/boot/spring-boot-starter-data-jpa/2.7.9/spring-boot-starter-data-jpa-2.7.9.jar:/Users/Asya/.m2/repository/org/springframework/boot/spring-boot-starter-aop/2.7.9/spring-boot-starter-aop-2.7.9.jar:/Users/Asya/.m2/repository/org/aspectj/aspectjweaver/1.9.7/aspectjweaver-1.9.7.jar:/Users/Asya/.m2/repository/org/springframework/boot/spring-boot-starter-jdbc/2.7.9/spring-boot-starter-jdbc-2.7.9.jar:/Users/Asya/.m2/repository/com/zaxxer/HikariCP/4.0.3/HikariCP-4.0.3.jar:/Users/Asya/.m2/repository/org/springframework/spring-jdbc/5.3.25/spring-jdbc-5.3.25.jar:/Users/Asya/.m2/repository/jakarta/transaction/jakarta.transaction-api/1.3.3/jakarta.transaction-api-1.3.3.jar:/Users/Asya/.m2/repository/jakarta/persistence/jakarta.persistence-api/2.2.3/jakarta.persistence-api-2.2.3.jar:/Users/Asya/.m2/repository/org/hibernate/hibernate-core/5.6.15.Final/hibernate-core-5.6.15.Final.jar:/Users/Asya/.m2/repository/org/jboss/logging/jboss-logging/3.4.3.Final/jboss-logging-3.4.3.Final.jar:/Users/Asya/.m2/repository/antlr/antlr/2.7.7/antlr-2.7.7.jar:/Users/Asya/.m2/repository/org/jboss/jandex/2.4.2.Final/jandex-2.4.2.Final.jar:/Users/Asya/.m2/repository/com/fasterxml/classmate/1.5.1/classmate-1.5.1.jar:/Users/Asya/.m2/repository/org/hibernate/common/hibernate-commons-annotations/5.1.2.Final/hibernate-commons-annotations-5.1.2.Final.jar:/Users/Asya/.m2/repository/org/glassfish/jaxb/jaxb-runtime/2.3.8/jaxb-runtime-2.3.8.jar:/Users/Asya/.m2/repository/jakarta/xml/bind/jakarta.xml.bind-api/2.3.3/jakarta.xml.bind-api-2.3.3.jar:/Users/Asya/.m2/repository/org/glassfish/jaxb/txw2/2.3.8/txw2-2.3.8.jar:/Users/Asya/.m2/repository/com/sun/istack/istack-commons-runtime/3.0.12/istack-commons-runtime-3.0.12.jar:/Users/Asya/.m2/repository/org/springframework/data/spring-data-jpa/2.7.8/spring-data-jpa-2.7.8.jar:/Users/Asya/.m2/repository/org/springframework/data/spring-data-commons/2.7.8/spring-data-commons-2.7.8.jar:/Users/Asya/.m2/repository/org/springframework/spring-orm/5.3.25/spring-orm-5.3.25.jar:/Users/Asya/.m2/repository/org/springframework/spring-tx/5.3.25/spring-tx-5.3.25.jar:/Users/Asya/.m2/repository/org/springframework/spring-aspects/5.3.25/spring-aspects-5.3.25.jar:/Users/Asya/.m2/repository/org/springframework/boot/spring-boot-devtools/2.7.9/spring-boot-devtools-2.7.9.jar:/Users/Asya/.m2/repository/org/springframework/boot/spring-boot/2.7.9/spring-boot-2.7.9.jar:/Users/Asya/.m2/repository/org/springframework/boot/spring-boot-autoconfigure/2.7.9/spring-boot-autoconfigure-2.7.9.jar:/Users/Asya/.m2/repository/com/h2database/h2/2.1.214/h2-2.1.214.jar:/Users/Asya/.m2/repository/org/postgresql/postgresql/42.3.8/postgresql-42.3.8.jar:/Users/Asya/.m2/repository/org/checkerframework/checker-qual/3.5.0/checker-qual-3.5.0.jar:/Users/Asya/.m2/repository/com/google/guava/guava/30.1-jre/guava-30.1-jre.jar:/Users/Asya/.m2/repository/com/google/guava/failureaccess/1.0.1/failureaccess-1.0.1.jar:/Users/Asya/.m2/repository/com/google/guava/listenablefuture/9999.0-empty-to-avoid-conflict-with-guava/listenablefuture-9999.0-empty-to-avoid-conflict-with-guava.jar:/Users/Asya/.m2/repository/com/google/code/findbugs/jsr305/3.0.2/jsr305-3.0.2.jar:/Users/Asya/.m2/repository/com/google/errorprone/error_prone_annotations/2.3.4/error_prone_annotations-2.3.4.jar:/Users/Asya/.m2/repository/com/google/j2objc/j2objc-annotations/1.3/j2objc-annotations-1.3.jar:/Users/Asya/.m2/repository/org/springframework/boot/spring-boot-starter-security/2.7.9/spring-boot-starter-security-2.7.9.jar:/Users/Asya/.m2/repository/org/springframework/spring-aop/5.3.25/spring-aop-5.3.25.jar:/Users/Asya/.m2/repository/org/springframework/security/spring-security-config/5.7.7/spring-security-config-5.7.7.jar:/Users/Asya/.m2/repository/org/springframework/security/spring-security-web/5.7.7/spring-security-web-5.7.7.jar:/Users/Asya/.m2/repository/org/springframework/spring-context-support/5.3.25/spring-context-support-5.3.25.jar:/Users/Asya/.m2/repository/org/springframework/spring-beans/5.3.25/spring-beans-5.3.25.jar:/Users/Asya/.m2/repository/org/springframework/spring-core/5.3.25/spring-core-5.3.25.jar:/Users/Asya/.m2/repository/org/springframework/spring-jcl/5.3.25/spring-jcl-5.3.25.jar:/Users/Asya/.m2/repository/org/springframework/boot/spring-boot-starter-validation/2.7.9/spring-boot-starter-validation-2.7.9.jar:/Users/Asya/.m2/repository/org/apache/tomcat/embed/tomcat-embed-el/9.0.71/tomcat-embed-el-9.0.71.jar:/Users/Asya/.m2/repository/org/hibernate/validator/hibernate-validator/6.2.5.Final/hibernate-validator-6.2.5.Final.jar:/Users/Asya/.m2/repository/jakarta/validation/jakarta.validation-api/2.0.2/jakarta.validation-api-2.0.2.jar:/Users/Asya/.m2/repository/org/springframework/boot/spring-boot-starter-mail/2.7.9/spring-boot-starter-mail-2.7.9.jar:/Users/Asya/.m2/repository/com/sun/mail/jakarta.mail/1.6.7/jakarta.mail-1.6.7.jar:/Users/Asya/.m2/repository/com/sun/activation/jakarta.activation/1.2.2/jakarta.activation-1.2.2.jar:/Users/Asya/.m2/repository/io/jsonwebtoken/jjwt/0.9.1/jjwt-0.9.1.jar:/Users/Asya/.m2/repository/com/fasterxml/jackson/core/jackson-databind/2.13.5/jackson-databind-2.13.5.jar:/Users/Asya/.m2/repository/com/fasterxml/jackson/core/jackson-annotations/2.13.5/jackson-annotations-2.13.5.jar:/Users/Asya/.m2/repository/com/fasterxml/jackson/core/jackson-core/2.13.5/jackson-core-2.13.5.jar:/Users/Asya/.m2/repository/org/sonarsource/scanner/maven/sonar-maven-plugin/3.9.1.2184/sonar-maven-plugin-3.9.1.2184.jar:/Users/Asya/.m2/repository/org/sonatype/plexus/plexus-sec-dispatcher/1.4/plexus-sec-dispatcher-1.4.jar:/Users/Asya/.m2/repository/org/sonatype/plexus/plexus-cipher/1.4/plexus-cipher-1.4.jar:/Users/Asya/.m2/repository/org/codehaus/plexus/plexus-utils/3.2.1/plexus-utils-3.2.1.jar:/Users/Asya/.m2/repository/org/sonarsource/scanner/api/sonar-scanner-api/2.16.2.588/sonar-scanner-api-2.16.2.588.jar:/Users/Asya/.m2/repository/commons-lang/commons-lang/2.6/commons-lang-2.6.jar:/Users/Asya/.m2/repository/junit/junit/4.13.2/junit-4.13.2.jar:/Users/Asya/.m2/repository/org/hamcrest/hamcrest-core/2.2/hamcrest-core-2.2.jar:/Users/Asya/.m2/repository/org/hamcrest/hamcrest/2.2/hamcrest-2.2.jar:/Users/Asya/.m2/repository/org/springframework/security/oauth/spring-security-oauth2/2.5.2.RELEASE/spring-security-oauth2-2.5.2.RELEASE.jar:/Users/Asya/.m2/repository/org/springframework/security/spring-security-core/5.7.7/spring-security-core-5.7.7.jar:/Users/Asya/.m2/repository/org/springframework/security/spring-security-crypto/5.7.7/spring-security-crypto-5.7.7.jar:/Users/Asya/.m2/repository/commons-codec/commons-codec/1.15/commons-codec-1.15.jar:/Users/Asya/.m2/repository/org/springframework/spring-test/5.3.9/spring-test-5.3.9.jar:/Users/Asya/.m2/repository/org/springframework/spring-context/5.3.9/spring-context-5.3.9.jar:/Users/Asya/.m2/repository/org/springframework/spring-expression/5.3.25/spring-expression-5.3.25.jar:/Users/Asya/.m2/repository/org/springframework/boot/spring-boot-test-autoconfigure/2.5.5/spring-boot-test-autoconfigure-2.5.5.jar:/Users/Asya/.m2/repository/org/springframework/boot/spring-boot-test/2.7.9/spring-boot-test-2.7.9.jar:/Users/Asya/.m2/repository/org/assertj/assertj-core/3.24.2/assertj-core-3.24.2.jar:/Users/Asya/.m2/repository/net/bytebuddy/byte-buddy/1.12.23/byte-buddy-1.12.23.jar:/Users/Asya/.m2/repository/org/mockito/mockito-core/2.21.0/mockito-core-2.21.0.jar:/Users/Asya/.m2/repository/net/bytebuddy/byte-buddy-agent/1.12.23/byte-buddy-agent-1.12.23.jar:/Users/Asya/.m2/repository/org/objenesis/objenesis/2.6/objenesis-2.6.jar:/Users/Asya/.m2/repository/com/ibm/icu/icu4j/69.1/icu4j-69.1.jar:/Users/Asya/.m2/repository/org/springframework/security/spring-security-oauth2-client/5.5.1/spring-security-oauth2-client-5.5.1.jar:/Users/Asya/.m2/repository/org/springframework/security/spring-security-oauth2-core/5.7.7/spring-security-oauth2-core-5.7.7.jar:/Users/Asya/.m2/repository/com/nimbusds/oauth2-oidc-sdk/9.9/oauth2-oidc-sdk-9.9.jar:/Users/Asya/.m2/repository/com/github/stephenc/jcip/jcip-annotations/1.0-1/jcip-annotations-1.0-1.jar:/Users/Asya/.m2/repository/com/nimbusds/content-type/2.1/content-type-2.1.jar:/Users/Asya/.m2/repository/net/minidev/json-smart/2.4.8/json-smart-2.4.8.jar:/Users/Asya/.m2/repository/net/minidev/accessors-smart/2.4.8/accessors-smart-2.4.8.jar:/Users/Asya/.m2/repository/org/ow2/asm/asm/9.1/asm-9.1.jar:/Users/Asya/.m2/repository/com/nimbusds/lang-tag/1.5/lang-tag-1.5.jar:/Users/Asya/.m2/repository/org/springframework/security/spring-security-oauth2-jose/5.7.7/spring-security-oauth2-jose-5.7.7.jar:/Users/Asya/.m2/repository/com/nimbusds/nimbus-jose-jwt/9.22/nimbus-jose-jwt-9.22.jar:"/>
    <property name="java.vm.vendor" value="Eclipse Adoptium"/>
    <property name="sun.arch.data.model" value="64"/>
    <property name="java.vendor.url" value="https://adoptium.net/"/>
    <property name="os.name" value="Mac OS X"/>
    <property name="java.vm.specification.version" value="17"/>
    <property name="sun.java.launcher" value="SUN_STANDARD"/>
    <property name="user.country" value="UA"/>
    <property name="sun.boot.library.path" value="/Users/Asya/.sdkman/candidates/java/17.0.7-tem/lib"/>
    <property name="sun.java.command" value="/Users/Asya/Desktop/SocialNetwork_step/FP4SocialNetwork/social_network_api/target/surefire/surefirebooter10392601602996864912.jar /Users/Asya/Desktop/SocialNetwork_step/FP4SocialNetwork/social_network_api/target/surefire 2023-05-11T21-40-09_813-jvmRun1 surefire13767966875416015311tmp surefire_014415136769227607682tmp"/>
    <property name="http.nonProxyHosts" value="local|*.local|169.254/16|*.169.254/16"/>
    <property name="jdk.debug" value="release"/>
    <property name="surefire.test.class.path" value="/Users/Asya/Desktop/SocialNetwork_step/FP4SocialNetwork/social_network_api/target/test-classes:/Users/Asya/Desktop/SocialNetwork_step/FP4SocialNetwork/social_network_api/target/classes:/Users/Asya/.m2/repository/org/springframework/boot/spring-boot-starter-web/2.7.9/spring-boot-starter-web-2.7.9.jar:/Users/Asya/.m2/repository/org/springframework/boot/spring-boot-starter/2.7.9/spring-boot-starter-2.7.9.jar:/Users/Asya/.m2/repository/org/springframework/boot/spring-boot-starter-logging/2.7.9/spring-boot-starter-logging-2.7.9.jar:/Users/Asya/.m2/repository/ch/qos/logback/logback-classic/1.2.11/logback-classic-1.2.11.jar:/Users/Asya/.m2/repository/ch/qos/logback/logback-core/1.2.11/logback-core-1.2.11.jar:/Users/Asya/.m2/repository/org/apache/logging/log4j/log4j-to-slf4j/2.17.2/log4j-to-slf4j-2.17.2.jar:/Users/Asya/.m2/repository/org/apache/logging/log4j/log4j-api/2.17.2/log4j-api-2.17.2.jar:/Users/Asya/.m2/repository/org/slf4j/jul-to-slf4j/1.7.36/jul-to-slf4j-1.7.36.jar:/Users/Asya/.m2/repository/jakarta/annotation/jakarta.annotation-api/1.3.5/jakarta.annotation-api-1.3.5.jar:/Users/Asya/.m2/repository/org/yaml/snakeyaml/1.30/snakeyaml-1.30.jar:/Users/Asya/.m2/repository/org/springframework/boot/spring-boot-starter-json/2.7.9/spring-boot-starter-json-2.7.9.jar:/Users/Asya/.m2/repository/com/fasterxml/jackson/datatype/jackson-datatype-jdk8/2.13.5/jackson-datatype-jdk8-2.13.5.jar:/Users/Asya/.m2/repository/com/fasterxml/jackson/datatype/jackson-datatype-jsr310/2.13.5/jackson-datatype-jsr310-2.13.5.jar:/Users/Asya/.m2/repository/com/fasterxml/jackson/module/jackson-module-parameter-names/2.13.5/jackson-module-parameter-names-2.13.5.jar:/Users/Asya/.m2/repository/org/springframework/boot/spring-boot-starter-tomcat/2.7.9/spring-boot-starter-tomcat-2.7.9.jar:/Users/Asya/.m2/repository/org/apache/tomcat/embed/tomcat-embed-core/9.0.71/tomcat-embed-core-9.0.71.jar:/Users/Asya/.m2/repository/org/apache/tomcat/embed/tomcat-embed-websocket/9.0.71/tomcat-embed-websocket-9.0.71.jar:/Users/Asya/.m2/repository/org/springframework/spring-web/5.3.25/spring-web-5.3.25.jar:/Users/Asya/.m2/repository/org/springframework/spring-webmvc/5.3.25/spring-webmvc-5.3.25.jar:/Users/Asya/.m2/repository/org/springframework/boot/spring-boot-starter-thymeleaf/2.7.9/spring-boot-starter-thymeleaf-2.7.9.jar:/Users/Asya/.m2/repository/org/thymeleaf/thymeleaf-spring5/3.0.15.RELEASE/thymeleaf-spring5-3.0.15.RELEASE.jar:/Users/Asya/.m2/repository/org/thymeleaf/thymeleaf/3.0.15.RELEASE/thymeleaf-3.0.15.RELEASE.jar:/Users/Asya/.m2/repository/org/attoparser/attoparser/2.0.5.RELEASE/attoparser-2.0.5.RELEASE.jar:/Users/Asya/.m2/repository/org/unbescape/unbescape/1.1.6.RELEASE/unbescape-1.1.6.RELEASE.jar:/Users/Asya/.m2/repository/org/slf4j/slf4j-api/1.7.36/slf4j-api-1.7.36.jar:/Users/Asya/.m2/repository/org/thymeleaf/extras/thymeleaf-extras-java8time/3.0.4.RELEASE/thymeleaf-extras-java8time-3.0.4.RELEASE.jar:/Users/Asya/.m2/repository/org/projectlombok/lombok/1.18.26/lombok-1.18.26.jar:/Users/Asya/.m2/repository/org/springframework/boot/spring-boot-starter-data-jpa/2.7.9/spring-boot-starter-data-jpa-2.7.9.jar:/Users/Asya/.m2/repository/org/springframework/boot/spring-boot-starter-aop/2.7.9/spring-boot-starter-aop-2.7.9.jar:/Users/Asya/.m2/repository/org/aspectj/aspectjweaver/1.9.7/aspectjweaver-1.9.7.jar:/Users/Asya/.m2/repository/org/springframework/boot/spring-boot-starter-jdbc/2.7.9/spring-boot-starter-jdbc-2.7.9.jar:/Users/Asya/.m2/repository/com/zaxxer/HikariCP/4.0.3/HikariCP-4.0.3.jar:/Users/Asya/.m2/repository/org/springframework/spring-jdbc/5.3.25/spring-jdbc-5.3.25.jar:/Users/Asya/.m2/repository/jakarta/transaction/jakarta.transaction-api/1.3.3/jakarta.transaction-api-1.3.3.jar:/Users/Asya/.m2/repository/jakarta/persistence/jakarta.persistence-api/2.2.3/jakarta.persistence-api-2.2.3.jar:/Users/Asya/.m2/repository/org/hibernate/hibernate-core/5.6.15.Final/hibernate-core-5.6.15.Final.jar:/Users/Asya/.m2/repository/org/jboss/logging/jboss-logging/3.4.3.Final/jboss-logging-3.4.3.Final.jar:/Users/Asya/.m2/repository/antlr/antlr/2.7.7/antlr-2.7.7.jar:/Users/Asya/.m2/repository/org/jboss/jandex/2.4.2.Final/jandex-2.4.2.Final.jar:/Users/Asya/.m2/repository/com/fasterxml/classmate/1.5.1/classmate-1.5.1.jar:/Users/Asya/.m2/repository/org/hibernate/common/hibernate-commons-annotations/5.1.2.Final/hibernate-commons-annotations-5.1.2.Final.jar:/Users/Asya/.m2/repository/org/glassfish/jaxb/jaxb-runtime/2.3.8/jaxb-runtime-2.3.8.jar:/Users/Asya/.m2/repository/jakarta/xml/bind/jakarta.xml.bind-api/2.3.3/jakarta.xml.bind-api-2.3.3.jar:/Users/Asya/.m2/repository/org/glassfish/jaxb/txw2/2.3.8/txw2-2.3.8.jar:/Users/Asya/.m2/repository/com/sun/istack/istack-commons-runtime/3.0.12/istack-commons-runtime-3.0.12.jar:/Users/Asya/.m2/repository/org/springframework/data/spring-data-jpa/2.7.8/spring-data-jpa-2.7.8.jar:/Users/Asya/.m2/repository/org/springframework/data/spring-data-commons/2.7.8/spring-data-commons-2.7.8.jar:/Users/Asya/.m2/repository/org/springframework/spring-orm/5.3.25/spring-orm-5.3.25.jar:/Users/Asya/.m2/repository/org/springframework/spring-tx/5.3.25/spring-tx-5.3.25.jar:/Users/Asya/.m2/repository/org/springframework/spring-aspects/5.3.25/spring-aspects-5.3.25.jar:/Users/Asya/.m2/repository/org/springframework/boot/spring-boot-devtools/2.7.9/spring-boot-devtools-2.7.9.jar:/Users/Asya/.m2/repository/org/springframework/boot/spring-boot/2.7.9/spring-boot-2.7.9.jar:/Users/Asya/.m2/repository/org/springframework/boot/spring-boot-autoconfigure/2.7.9/spring-boot-autoconfigure-2.7.9.jar:/Users/Asya/.m2/repository/com/h2database/h2/2.1.214/h2-2.1.214.jar:/Users/Asya/.m2/repository/org/postgresql/postgresql/42.3.8/postgresql-42.3.8.jar:/Users/Asya/.m2/repository/org/checkerframework/checker-qual/3.5.0/checker-qual-3.5.0.jar:/Users/Asya/.m2/repository/com/google/guava/guava/30.1-jre/guava-30.1-jre.jar:/Users/Asya/.m2/repository/com/google/guava/failureaccess/1.0.1/failureaccess-1.0.1.jar:/Users/Asya/.m2/repository/com/google/guava/listenablefuture/9999.0-empty-to-avoid-conflict-with-guava/listenablefuture-9999.0-empty-to-avoid-conflict-with-guava.jar:/Users/Asya/.m2/repository/com/google/code/findbugs/jsr305/3.0.2/jsr305-3.0.2.jar:/Users/Asya/.m2/repository/com/google/errorprone/error_prone_annotations/2.3.4/error_prone_annotations-2.3.4.jar:/Users/Asya/.m2/repository/com/google/j2objc/j2objc-annotations/1.3/j2objc-annotations-1.3.jar:/Users/Asya/.m2/repository/org/springframework/boot/spring-boot-starter-security/2.7.9/spring-boot-starter-security-2.7.9.jar:/Users/Asya/.m2/repository/org/springframework/spring-aop/5.3.25/spring-aop-5.3.25.jar:/Users/Asya/.m2/repository/org/springframework/security/spring-security-config/5.7.7/spring-security-config-5.7.7.jar:/Users/Asya/.m2/repository/org/springframework/security/spring-security-web/5.7.7/spring-security-web-5.7.7.jar:/Users/Asya/.m2/repository/org/springframework/spring-context-support/5.3.25/spring-context-support-5.3.25.jar:/Users/Asya/.m2/repository/org/springframework/spring-beans/5.3.25/spring-beans-5.3.25.jar:/Users/Asya/.m2/repository/org/springframework/spring-core/5.3.25/spring-core-5.3.25.jar:/Users/Asya/.m2/repository/org/springframework/spring-jcl/5.3.25/spring-jcl-5.3.25.jar:/Users/Asya/.m2/repository/org/springframework/boot/spring-boot-starter-validation/2.7.9/spring-boot-starter-validation-2.7.9.jar:/Users/Asya/.m2/repository/org/apache/tomcat/embed/tomcat-embed-el/9.0.71/tomcat-embed-el-9.0.71.jar:/Users/Asya/.m2/repository/org/hibernate/validator/hibernate-validator/6.2.5.Final/hibernate-validator-6.2.5.Final.jar:/Users/Asya/.m2/repository/jakarta/validation/jakarta.validation-api/2.0.2/jakarta.validation-api-2.0.2.jar:/Users/Asya/.m2/repository/org/springframework/boot/spring-boot-starter-mail/2.7.9/spring-boot-starter-mail-2.7.9.jar:/Users/Asya/.m2/repository/com/sun/mail/jakarta.mail/1.6.7/jakarta.mail-1.6.7.jar:/Users/Asya/.m2/repository/com/sun/activation/jakarta.activation/1.2.2/jakarta.activation-1.2.2.jar:/Users/Asya/.m2/repository/io/jsonwebtoken/jjwt/0.9.1/jjwt-0.9.1.jar:/Users/Asya/.m2/repository/com/fasterxml/jackson/core/jackson-databind/2.13.5/jackson-databind-2.13.5.jar:/Users/Asya/.m2/repository/com/fasterxml/jackson/core/jackson-annotations/2.13.5/jackson-annotations-2.13.5.jar:/Users/Asya/.m2/repository/com/fasterxml/jackson/core/jackson-core/2.13.5/jackson-core-2.13.5.jar:/Users/Asya/.m2/repository/org/sonarsource/scanner/maven/sonar-maven-plugin/3.9.1.2184/sonar-maven-plugin-3.9.1.2184.jar:/Users/Asya/.m2/repository/org/sonatype/plexus/plexus-sec-dispatcher/1.4/plexus-sec-dispatcher-1.4.jar:/Users/Asya/.m2/repository/org/sonatype/plexus/plexus-cipher/1.4/plexus-cipher-1.4.jar:/Users/Asya/.m2/repository/org/codehaus/plexus/plexus-utils/3.2.1/plexus-utils-3.2.1.jar:/Users/Asya/.m2/repository/org/sonarsource/scanner/api/sonar-scanner-api/2.16.2.588/sonar-scanner-api-2.16.2.588.jar:/Users/Asya/.m2/repository/commons-lang/commons-lang/2.6/commons-lang-2.6.jar:/Users/Asya/.m2/repository/junit/junit/4.13.2/junit-4.13.2.jar:/Users/Asya/.m2/repository/org/hamcrest/hamcrest-core/2.2/hamcrest-core-2.2.jar:/Users/Asya/.m2/repository/org/hamcrest/hamcrest/2.2/hamcrest-2.2.jar:/Users/Asya/.m2/repository/org/springframework/security/oauth/spring-security-oauth2/2.5.2.RELEASE/spring-security-oauth2-2.5.2.RELEASE.jar:/Users/Asya/.m2/repository/org/springframework/security/spring-security-core/5.7.7/spring-security-core-5.7.7.jar:/Users/Asya/.m2/repository/org/springframework/security/spring-security-crypto/5.7.7/spring-security-crypto-5.7.7.jar:/Users/Asya/.m2/repository/commons-codec/commons-codec/1.15/commons-codec-1.15.jar:/Users/Asya/.m2/repository/org/springframework/spring-test/5.3.9/spring-test-5.3.9.jar:/Users/Asya/.m2/repository/org/springframework/spring-context/5.3.9/spring-context-5.3.9.jar:/Users/Asya/.m2/repository/org/springframework/spring-expression/5.3.25/spring-expression-5.3.25.jar:/Users/Asya/.m2/repository/org/springframework/boot/spring-boot-test-autoconfigure/2.5.5/spring-boot-test-autoconfigure-2.5.5.jar:/Users/Asya/.m2/repository/org/springframework/boot/spring-boot-test/2.7.9/spring-boot-test-2.7.9.jar:/Users/Asya/.m2/repository/org/assertj/assertj-core/3.24.2/assertj-core-3.24.2.jar:/Users/Asya/.m2/repository/net/bytebuddy/byte-buddy/1.12.23/byte-buddy-1.12.23.jar:/Users/Asya/.m2/repository/org/mockito/mockito-core/2.21.0/mockito-core-2.21.0.jar:/Users/Asya/.m2/repository/net/bytebuddy/byte-buddy-agent/1.12.23/byte-buddy-agent-1.12.23.jar:/Users/Asya/.m2/repository/org/objenesis/objenesis/2.6/objenesis-2.6.jar:/Users/Asya/.m2/repository/com/ibm/icu/icu4j/69.1/icu4j-69.1.jar:/Users/Asya/.m2/repository/org/springframework/security/spring-security-oauth2-client/5.5.1/spring-security-oauth2-client-5.5.1.jar:/Users/Asya/.m2/repository/org/springframework/security/spring-security-oauth2-core/5.7.7/spring-security-oauth2-core-5.7.7.jar:/Users/Asya/.m2/repository/com/nimbusds/oauth2-oidc-sdk/9.9/oauth2-oidc-sdk-9.9.jar:/Users/Asya/.m2/repository/com/github/stephenc/jcip/jcip-annotations/1.0-1/jcip-annotations-1.0-1.jar:/Users/Asya/.m2/repository/com/nimbusds/content-type/2.1/content-type-2.1.jar:/Users/Asya/.m2/repository/net/minidev/json-smart/2.4.8/json-smart-2.4.8.jar:/Users/Asya/.m2/repository/net/minidev/accessors-smart/2.4.8/accessors-smart-2.4.8.jar:/Users/Asya/.m2/repository/org/ow2/asm/asm/9.1/asm-9.1.jar:/Users/Asya/.m2/repository/com/nimbusds/lang-tag/1.5/lang-tag-1.5.jar:/Users/Asya/.m2/repository/org/springframework/security/spring-security-oauth2-jose/5.7.7/spring-security-oauth2-jose-5.7.7.jar:/Users/Asya/.m2/repository/com/nimbusds/nimbus-jose-jwt/9.22/nimbus-jose-jwt-9.22.jar:"/>
    <property name="sun.cpu.endian" value="little"/>
    <property name="user.home" value="/Users/Asya"/>
    <property name="user.language" value="ru"/>
    <property name="java.specification.vendor" value="Oracle Corporation"/>
    <property name="java.version.date" value="2023-04-18"/>
    <property name="java.home" value="/Users/Asya/.sdkman/candidates/java/17.0.7-tem"/>
    <property name="file.separator" value="/"/>
    <property name="basedir" value="/Users/Asya/Desktop/SocialNetwork_step/FP4SocialNetwork/social_network_api"/>
    <property name="java.vm.compressedOopsMode" value="Zero based"/>
    <property name="line.separator" value="&#10;"/>
    <property name="java.specification.name" value="Java Platform API Specification"/>
    <property name="java.vm.specification.vendor" value="Oracle Corporation"/>
    <property name="surefire.real.class.path" value="/Users/Asya/Desktop/SocialNetwork_step/FP4SocialNetwork/social_network_api/target/surefire/surefirebooter10392601602996864912.jar"/>
    <property name="sun.management.compiler" value="HotSpot 64-Bit Tiered Compilers"/>
    <property name="ftp.nonProxyHosts" value="local|*.local|169.254/16|*.169.254/16"/>
    <property name="java.runtime.version" value="17.0.7+7"/>
    <property name="user.name" value="Asya"/>
    <property name="path.separator" value=":"/>
    <property name="os.version" value="13.2"/>
    <property name="java.runtime.name" value="OpenJDK Runtime Environment"/>
    <property name="file.encoding" value="US-ASCII"/>
    <property name="java.vm.name" value="OpenJDK 64-Bit Server VM"/>
    <property name="java.vendor.version" value="Temurin-17.0.7+7"/>
    <property name="localRepository" value="/Users/Asya/.m2/repository"/>
    <property name="java.vendor.url.bug" value="https://github.com/adoptium/adoptium-support/issues"/>
    <property name="java.io.tmpdir" value="/var/folders/z7/9p4vndwn18jf90rlxwp7lsc40000gp/T/"/>
    <property name="java.version" value="17.0.7"/>
    <property name="user.dir" value="/Users/Asya/Desktop/SocialNetwork_step/FP4SocialNetwork/social_network_api"/>
    <property name="os.arch" value="aarch64"/>
    <property name="java.vm.specification.name" value="Java Virtual Machine Specification"/>
    <property name="native.encoding" value="US-ASCII"/>
    <property name="java.library.path" value="/Users/Asya/Library/Java/Extensions:/Library/Java/Extensions:/Network/Library/Java/Extensions:/System/Library/Java/Extensions:/usr/lib/java:."/>
    <property name="java.vm.info" value="mixed mode"/>
    <property name="java.vendor" value="Eclipse Adoptium"/>
    <property name="java.vm.version" value="17.0.7+7"/>
    <property name="sun.io.unicode.encoding" value="UnicodeBig"/>
    <property name="socksNonProxyHosts" value="local|*.local|169.254/16|*.169.254/16"/>
    <property name="java.class.version" value="61.0"/>
  </properties>
  <testcase name="findDbUserByEmail" classname="com.danit.socialnetwork.MethodTests" time="0.556"/>
  <testcase name="findByUsername" classname="com.danit.socialnetwork.MethodTests" time="0.142"/>
  <testcase name="saveRequest" classname="com.danit.socialnetwork.MethodTests" time="0.435"/>
</testsuite>